<?xml version="1.0" encoding="UTF-8"?>
<!-- Generated by org.testng.reporters.JUnitReportReporter -->
<testsuite name="com.test.automation.UIAutomation.tests.DashboardAdminHeaderTest" tests="4" time="23.592" ignored="0" failures="0" timestamp="03 Apr 2018 06:03:34 GMT" skipped="0" hostname="RIPLBRD50" errors="0">
  <testcase name="exportReport" time="14.043" classname="com.test.automation.UIAutomation.tests.DashboardAdminHeaderTest"/>
  <testcase name="Logins" time="6.700" classname="com.test.automation.UIAutomation.tests.DashboardAdminHeaderTest"/>
  <testcase name="selctDashboardPage" time="0.833" classname="com.test.automation.UIAutomation.tests.DashboardAdminHeaderTest"/>
  <testcase name="selectHeader" time="2.016" classname="com.test.automation.UIAutomation.tests.DashboardAdminHeaderTest"/>
</testsuite> <!-- com.test.automation.UIAutomation.tests.DashboardAdminHeaderTest -->
