<?xml version="1.0" encoding="UTF-8"?>
<!-- Generated by org.testng.reporters.JUnitReportReporter -->
<testsuite name="com.test.automation.UIAutomation.tests.NewRequirementTest" tests="13" time="16.976" ignored="0" failures="0" timestamp="03 Apr 2018 06:03:02 GMT" skipped="9" hostname="RIPLBRD50" errors="0">
  <testcase name="fillRequirement" time="0.002" classname="com.test.automation.UIAutomation.tests.NewRequirementTest">
    <skipped/>
  </testcase> <!-- fillRequirement -->
  <testcase name="fillRequirement" time="2.177" classname="com.test.automation.UIAutomation.tests.NewRequirementTest"/>
  <testcase name="fillRequirement" time="0.002" classname="com.test.automation.UIAutomation.tests.NewRequirementTest">
    <skipped/>
  </testcase> <!-- fillRequirement -->
  <testcase name="fillRequirement" time="0.002" classname="com.test.automation.UIAutomation.tests.NewRequirementTest">
    <skipped/>
  </testcase> <!-- fillRequirement -->
  <testcase name="fillOtheLocation" time="5.306" classname="com.test.automation.UIAutomation.tests.NewRequirementTest"/>
  <testcase name="fillRequirement" time="0.001" classname="com.test.automation.UIAutomation.tests.NewRequirementTest">
    <skipped/>
  </testcase> <!-- fillRequirement -->
  <testcase name="SelectHeader" time="2.646" classname="com.test.automation.UIAutomation.tests.NewRequirementTest"/>
  <testcase name="fillRequirement" time="0.002" classname="com.test.automation.UIAutomation.tests.NewRequirementTest">
    <skipped/>
  </testcase> <!-- fillRequirement -->
  <testcase name="login" time="6.831" classname="com.test.automation.UIAutomation.tests.NewRequirementTest"/>
  <testcase name="fillRequirement" time="0.001" classname="com.test.automation.UIAutomation.tests.NewRequirementTest">
    <skipped/>
  </testcase> <!-- fillRequirement -->
  <testcase name="fillRequirement" time="0.002" classname="com.test.automation.UIAutomation.tests.NewRequirementTest">
    <skipped/>
  </testcase> <!-- fillRequirement -->
  <testcase name="fillRequirement" time="0.001" classname="com.test.automation.UIAutomation.tests.NewRequirementTest">
    <skipped/>
  </testcase> <!-- fillRequirement -->
  <testcase name="fillRequirement" time="0.003" classname="com.test.automation.UIAutomation.tests.NewRequirementTest">
    <skipped/>
  </testcase> <!-- fillRequirement -->
</testsuite> <!-- com.test.automation.UIAutomation.tests.NewRequirementTest -->
