<?xml version="1.0" encoding="UTF-8"?>
<!-- Generated by org.testng.reporters.JUnitReportReporter -->
<testsuite name="com.test.automation.UIAutomation.tests.UpdateRegisterdetailsTest" tests="15" time="23.769" ignored="0" failures="0" timestamp="03 Apr 2018 06:02:33 GMT" skipped="10" hostname="RIPLBRD50" errors="0">
  <testcase name="selectPriority" time="1.656" classname="com.test.automation.UIAutomation.tests.UpdateRegisterdetailsTest"/>
  <testcase name="selectColorByPriority" time="14.519" classname="com.test.automation.UIAutomation.tests.UpdateRegisterdetailsTest"/>
  <testcase name="fillRequirement" time="0.001" classname="com.test.automation.UIAutomation.tests.UpdateRegisterdetailsTest">
    <skipped/>
  </testcase> <!-- fillRequirement -->
  <testcase name="fillRequirement" time="0.001" classname="com.test.automation.UIAutomation.tests.UpdateRegisterdetailsTest">
    <skipped/>
  </testcase> <!-- fillRequirement -->
  <testcase name="SelectHeader" time="0.001" classname="com.test.automation.UIAutomation.tests.UpdateRegisterdetailsTest"/>
  <testcase name="fillRequirement" time="0.002" classname="com.test.automation.UIAutomation.tests.UpdateRegisterdetailsTest">
    <skipped/>
  </testcase> <!-- fillRequirement -->
  <testcase name="fillRequirement" time="0.001" classname="com.test.automation.UIAutomation.tests.UpdateRegisterdetailsTest">
    <skipped/>
  </testcase> <!-- fillRequirement -->
  <testcase name="fillRequirement" time="0.003" classname="com.test.automation.UIAutomation.tests.UpdateRegisterdetailsTest">
    <skipped/>
  </testcase> <!-- fillRequirement -->
  <testcase name="fillOtheLocation" time="0.000" classname="com.test.automation.UIAutomation.tests.UpdateRegisterdetailsTest">
    <skipped/>
  </testcase> <!-- fillOtheLocation -->
  <testcase name="fillRequirement" time="0.001" classname="com.test.automation.UIAutomation.tests.UpdateRegisterdetailsTest">
    <skipped/>
  </testcase> <!-- fillRequirement -->
  <testcase name="login" time="7.257" classname="com.test.automation.UIAutomation.tests.UpdateRegisterdetailsTest"/>
  <testcase name="fillRequirement" time="0.320" classname="com.test.automation.UIAutomation.tests.UpdateRegisterdetailsTest"/>
  <testcase name="fillRequirement" time="0.001" classname="com.test.automation.UIAutomation.tests.UpdateRegisterdetailsTest">
    <skipped/>
  </testcase> <!-- fillRequirement -->
  <testcase name="fillRequirement" time="0.005" classname="com.test.automation.UIAutomation.tests.UpdateRegisterdetailsTest">
    <skipped/>
  </testcase> <!-- fillRequirement -->
  <testcase name="fillRequirement" time="0.001" classname="com.test.automation.UIAutomation.tests.UpdateRegisterdetailsTest">
    <skipped/>
  </testcase> <!-- fillRequirement -->
</testsuite> <!-- com.test.automation.UIAutomation.tests.UpdateRegisterdetailsTest -->
