<?xml version="1.0" encoding="UTF-8"?>
<!-- Generated by org.testng.reporters.JUnitReportReporter -->
<testsuite name="com.test.automation.UIAutomation.tests.NewRequirementTest" tests="13" time="25.302" ignored="0" failures="0" timestamp="11 Apr 2018 11:33:39 GMT" skipped="9" hostname="RIPLBRD50" errors="0">
  <testcase name="SelectHeader" time="1.555" classname="com.test.automation.UIAutomation.tests.NewRequirementTest"/>
  <testcase name="fillRequirement" time="0.001" classname="com.test.automation.UIAutomation.tests.NewRequirementTest">
    <skipped/>
  </testcase> <!-- fillRequirement -->
  <testcase name="fillRequirement" time="0.001" classname="com.test.automation.UIAutomation.tests.NewRequirementTest">
    <skipped/>
  </testcase> <!-- fillRequirement -->
  <testcase name="fillRequirement" time="0.001" classname="com.test.automation.UIAutomation.tests.NewRequirementTest">
    <skipped/>
  </testcase> <!-- fillRequirement -->
  <testcase name="fillRequirement" time="0.001" classname="com.test.automation.UIAutomation.tests.NewRequirementTest">
    <skipped/>
  </testcase> <!-- fillRequirement -->
  <testcase name="fillRequirement" time="13.682" classname="com.test.automation.UIAutomation.tests.NewRequirementTest"/>
  <testcase name="fillRequirement" time="0.001" classname="com.test.automation.UIAutomation.tests.NewRequirementTest">
    <skipped/>
  </testcase> <!-- fillRequirement -->
  <testcase name="fillRequirement" time="0.002" classname="com.test.automation.UIAutomation.tests.NewRequirementTest">
    <skipped/>
  </testcase> <!-- fillRequirement -->
  <testcase name="fillRequirement" time="0.001" classname="com.test.automation.UIAutomation.tests.NewRequirementTest">
    <skipped/>
  </testcase> <!-- fillRequirement -->
  <testcase name="fillOtheLocation" time="5.023" classname="com.test.automation.UIAutomation.tests.NewRequirementTest"/>
  <testcase name="fillRequirement" time="0.001" classname="com.test.automation.UIAutomation.tests.NewRequirementTest">
    <skipped/>
  </testcase> <!-- fillRequirement -->
  <testcase name="fillRequirement" time="0.001" classname="com.test.automation.UIAutomation.tests.NewRequirementTest">
    <skipped/>
  </testcase> <!-- fillRequirement -->
  <testcase name="login" time="5.032" classname="com.test.automation.UIAutomation.tests.NewRequirementTest"/>
</testsuite> <!-- com.test.automation.UIAutomation.tests.NewRequirementTest -->
