<?xml version="1.0" encoding="UTF-8"?>
<!-- Generated by org.testng.reporters.JUnitReportReporter -->
<testsuite name="com.test.automation.UIAutomation.tests.VerifiyLoginWithDifferentRecords" tests="7" time="11.856" ignored="0" failures="0" timestamp="10 Apr 2018 10:55:14 GMT" skipped="5" hostname="RIPLBRD50" errors="1">
  <testcase name="verifiyLoginWithDifferentRecords" time="0.006" classname="com.test.automation.UIAutomation.tests.VerifiyLoginWithDifferentRecords">
    <skipped/>
  </testcase> <!-- verifiyLoginWithDifferentRecords -->
  <testcase name="verifiyLoginWithDifferentRecords" time="0.002" classname="com.test.automation.UIAutomation.tests.VerifiyLoginWithDifferentRecords">
    <skipped/>
  </testcase> <!-- verifiyLoginWithDifferentRecords -->
  <testcase name="verifiyLoginWithDifferentRecords" time="1.837" classname="com.test.automation.UIAutomation.tests.VerifiyLoginWithDifferentRecords"/>
  <testcase name="verifiyLoginWithDifferentRecords" time="0.002" classname="com.test.automation.UIAutomation.tests.VerifiyLoginWithDifferentRecords">
    <skipped/>
  </testcase> <!-- verifiyLoginWithDifferentRecords -->
  <testcase name="verifiyLoginWithDifferentRecords" time="0.004" classname="com.test.automation.UIAutomation.tests.VerifiyLoginWithDifferentRecords">
    <skipped/>
  </testcase> <!-- verifiyLoginWithDifferentRecords -->
  <testcase name="verifiyLoginWithDifferentRecords" time="10.003" classname="com.test.automation.UIAutomation.tests.VerifiyLoginWithDifferentRecords">
    <error type="org.testng.internal.thread.ThreadTimeoutException" message="Method com.test.automation.UIAutomation.tests.VerifiyLoginWithDifferentRecords.verifiyLoginWithDifferentRecords() didn&#039;t finish within the time-out 10000">
      <![CDATA[org.testng.internal.thread.ThreadTimeoutException: Method com.test.automation.UIAutomation.tests.VerifiyLoginWithDifferentRecords.verifiyLoginWithDifferentRecords() didn't finish within the time-out 10000
	at java.lang.Throwable.printStackTrace(Throwable.java:643)
	at java.lang.Throwable.printStackTrace(Throwable.java:634)
	at com.test.automation.UIAutomation.LoginPage.LoginPage.loginToApplication(LoginPage.java:68)
	at com.test.automation.UIAutomation.tests.VerifiyLoginWithDifferentRecords.verifiyLoginWithDifferentRecords(VerifiyLoginWithDifferentRecords.java:62)
	at sun.reflect.NativeMethodAccessorImpl.invoke0(Native Method)
	at sun.reflect.NativeMethodAccessorImpl.invoke(NativeMethodAccessorImpl.java:62)
	at sun.reflect.DelegatingMethodAccessorImpl.invoke(DelegatingMethodAccessorImpl.java:43)
	at java.lang.reflect.Method.invoke(Method.java:498)
	at org.testng.internal.MethodInvocationHelper.invokeMethod(MethodInvocationHelper.java:104)
	at org.testng.internal.InvokeMethodRunnable.runOne(InvokeMethodRunnable.java:54)
	at org.testng.internal.InvokeMethodRunnable.run(InvokeMethodRunnable.java:44)
	at java.util.concurrent.Executors$RunnableAdapter.call(Executors.java:511)
	at java.util.concurrent.FutureTask.run(FutureTask.java:266)
	at java.util.concurrent.ThreadPoolExecutor.runWorker(ThreadPoolExecutor.java:1142)
	at java.util.concurrent.ThreadPoolExecutor$Worker.run(ThreadPoolExecutor.java:617)
	at java.lang.Thread.run(Thread.java:745)
]]>
    </error>
  </testcase> <!-- verifiyLoginWithDifferentRecords -->
  <testcase name="verifiyLoginWithDifferentRecords" time="0.002" classname="com.test.automation.UIAutomation.tests.VerifiyLoginWithDifferentRecords">
    <skipped/>
  </testcase> <!-- verifiyLoginWithDifferentRecords -->
</testsuite> <!-- com.test.automation.UIAutomation.tests.VerifiyLoginWithDifferentRecords -->
